GPU: NVIDIA GeForce RTX 3060 Ti
사용 가능한 VRAM: 8.00 GB
토크나이저 로딩...
모델 로딩 (4-bit 양자화)...

Loading checkpoint shards:   0%|          | 0/3 [00:00<?, ?it/s]
Loading checkpoint shards:  33%|███▎      | 1/3 [00:03<00:06,  3.10s/it]
Loading checkpoint shards:  67%|██████▋   | 2/3 [00:06<00:03,  3.16s/it]
Loading checkpoint shards: 100%|██████████| 3/3 [00:09<00:00,  3.00s/it]
Loading checkpoint shards: 100%|██████████| 3/3 [00:09<00:00,  3.03s/it]
The following generation flags are not valid and may be ignored: ['temperature']. Set `TRANSFORMERS_VERBOSITY=info` for more details.
The following generation flags are not valid and may be ignored: ['temperature']. Set `TRANSFORMERS_VERBOSITY=info` for more details.
LoRA 어댑터 추가...
trainable params: 167,772,160 || all params: 7,409,520,640 || trainable%: 2.2643
데이터셋 로딩...
학습 시작...

  0%|          | 0/500 [00:00<?, ?it/s]`use_cache=True` is incompatible with gradient checkpointing. Setting `use_cache=False`.

  0%|          | 1/500 [00:45<6:16:26, 45.26s/it]
  0%|          | 2/500 [01:25<5:52:24, 42.46s/it]
  1%|          | 3/500 [02:09<5:54:44, 42.83s/it]
  1%|          | 4/500 [02:49<5:47:03, 41.98s/it]
  1%|          | 5/500 [03:26<5:31:32, 40.19s/it]
  1%|          | 6/500 [04:06<5:30:53, 40.19s/it]
  1%|▏         | 7/500 [04:47<5:30:35, 40.23s/it]
  2%|▏         | 8/500 [05:30<5:37:53, 41.21s/it]
  2%|▏         | 9/500 [06:11<5:36:02, 41.06s/it]
  2%|▏         | 10/500 [06:51<5:33:29, 40.84s/it]
  2%|▏         | 11/500 [07:31<5:31:41, 40.70s/it]
  2%|▏         | 12/500 [08:50<7:03:55, 52.12s/it]
  3%|▎         | 13/500 [09:58<7:42:09, 56.94s/it]
  3%|▎         | 14/500 [11:10<8:18:40, 61.56s/it]
  3%|▎         | 15/500 [12:17<8:31:47, 63.31s/it]
  3%|▎         | 16/500 [13:25<8:41:41, 64.67s/it]
  3%|▎         | 17/500 [14:35<8:53:02, 66.22s/it]
  4%|▎         | 18/500 [15:43<8:56:14, 66.75s/it]
  4%|▍         | 19/500 [16:53<9:02:28, 67.67s/it]
  4%|▍         | 20/500 [18:11<9:25:46, 70.72s/it]
  4%|▍         | 21/500 [19:22<9:25:28, 70.83s/it]
  4%|▍         | 22/500 [20:29<9:15:29, 69.73s/it]
  5%|▍         | 23/500 [21:42<9:22:20, 70.74s/it]
  5%|▍         | 24/500 [23:03<9:46:04, 73.87s/it]
  5%|▌         | 25/500 [24:15<9:39:26, 73.19s/it]
                                                  

  5%|▌         | 25/500 [24:15<9:39:26, 73.19s/it]
  5%|▌         | 26/500 [25:24<9:28:12, 71.92s/it]
  5%|▌         | 27/500 [26:39<9:35:06, 72.95s/it]
  6%|▌         | 28/500 [27:53<9:35:01, 73.10s/it]
  6%|▌         | 29/500 [29:01<9:21:46, 71.56s/it]
  6%|▌         | 30/500 [30:22<9:43:29, 74.49s/it]
  6%|▌         | 31/500 [31:43<9:57:27, 76.43s/it]
  6%|▋         | 32/500 [32:56<9:48:33, 75.46s/it]
  7%|▋         | 33/500 [34:18<10:02:19, 77.39s/it]
  7%|▋         | 34/500 [35:28<9:43:43, 75.16s/it] 
  7%|▋         | 35/500 [36:37<9:29:21, 73.47s/it]
  7%|▋         | 36/500 [37:43<9:10:27, 71.18s/it]
  7%|▋         | 37/500 [38:49<8:56:41, 69.55s/it]
  8%|▊         | 38/500 [39:54<8:45:15, 68.21s/it]
  8%|▊         | 39/500 [41:01<8:41:47, 67.91s/it]
  8%|▊         | 40/500 [42:09<8:41:09, 67.98s/it]
  8%|▊         | 41/500 [43:15<8:34:38, 67.27s/it]
  8%|▊         | 42/500 [44:21<8:29:30, 66.75s/it]
  9%|▊         | 43/500 [45:26<8:26:00, 66.43s/it]
  9%|▉         | 44/500 [46:33<8:26:02, 66.58s/it]
  9%|▉         | 45/500 [47:40<8:25:31, 66.66s/it]
  9%|▉         | 46/500 [48:47<8:25:01, 66.74s/it]
  9%|▉         | 47/500 [49:52<8:20:52, 66.34s/it]
 10%|▉         | 48/500 [50:59<8:21:10, 66.53s/it]
 10%|▉         | 49/500 [52:05<8:18:04, 66.26s/it]
 10%|█         | 50/500 [53:12<8:18:23, 66.45s/it]
                                                  

 10%|█         | 50/500 [53:12<8:18:23, 66.45s/it]
 10%|█         | 51/500 [54:18<8:15:31, 66.22s/it]
 10%|█         | 52/500 [55:23<8:12:33, 65.97s/it]
 11%|█         | 53/500 [56:28<8:10:06, 65.79s/it]
 11%|█         | 54/500 [57:33<8:07:40, 65.61s/it]
 11%|█         | 55/500 [58:41<8:11:34, 66.28s/it]
 11%|█         | 56/500 [59:47<8:09:29, 66.15s/it]
 11%|█▏        | 57/500 [1:00:54<8:09:45, 66.33s/it]
 12%|█▏        | 58/500 [1:02:01<8:10:01, 66.52s/it]
 12%|█▏        | 59/500 [1:03:07<8:07:09, 66.28s/it]
 12%|█▏        | 60/500 [1:04:12<8:05:10, 66.16s/it]
 12%|█▏        | 61/500 [1:05:19<8:05:23, 66.34s/it]
 12%|█▏        | 62/500 [1:06:27<8:07:42, 66.81s/it]
 13%|█▎        | 63/500 [1:07:32<8:03:17, 66.35s/it]
 13%|█▎        | 64/500 [1:08:39<8:03:36, 66.55s/it]
 13%|█▎        | 65/500 [1:09:46<8:03:25, 66.68s/it]
 13%|█▎        | 66/500 [1:10:52<7:59:02, 66.23s/it]
 13%|█▎        | 67/500 [1:11:59<7:59:32, 66.45s/it]
 14%|█▎        | 68/500 [1:13:04<7:56:49, 66.22s/it]
 14%|█▍        | 69/500 [1:14:10<7:54:37, 66.07s/it]
 14%|█▍        | 70/500 [1:15:16<7:52:55, 65.99s/it]
 14%|█▍        | 71/500 [1:16:23<7:53:32, 66.23s/it]
 14%|█▍        | 72/500 [1:17:29<7:51:55, 66.16s/it]
 15%|█▍        | 73/500 [1:18:34<7:50:04, 66.05s/it]
 15%|█▍        | 74/500 [1:19:40<7:48:12, 65.95s/it]
 15%|█▌        | 75/500 [1:20:47<7:48:41, 66.17s/it]
                                                    

 15%|█▌        | 75/500 [1:20:47<7:48:41, 66.17s/it]
 15%|█▌        | 76/500 [1:21:52<7:45:29, 65.87s/it]
 15%|█▌        | 77/500 [1:22:58<7:44:25, 65.88s/it]
 16%|█▌        | 78/500 [1:24:06<7:47:57, 66.53s/it]
 16%|█▌        | 79/500 [1:25:14<7:49:42, 66.94s/it]
 16%|█▌        | 80/500 [1:26:20<7:46:07, 66.59s/it]
 16%|█▌        | 81/500 [1:27:28<7:47:59, 67.02s/it]
 16%|█▋        | 82/500 [1:28:33<7:44:05, 66.62s/it]
 17%|█▋        | 83/500 [1:29:40<7:43:28, 66.69s/it]
 17%|█▋        | 84/500 [1:30:46<7:40:17, 66.39s/it]
 17%|█▋        | 85/500 [1:31:51<7:37:47, 66.19s/it]
 17%|█▋        | 86/500 [1:32:57<7:35:12, 65.97s/it]
 17%|█▋        | 87/500 [1:34:04<7:36:00, 66.25s/it]
 18%|█▊        | 88/500 [1:35:10<7:34:18, 66.16s/it]
 18%|█▊        | 89/500 [1:36:17<7:35:01, 66.43s/it]
 18%|█▊        | 90/500 [1:37:23<7:32:27, 66.21s/it]
 18%|█▊        | 91/500 [1:38:28<7:29:29, 65.94s/it]
 18%|█▊        | 92/500 [1:39:34<7:28:01, 65.89s/it]
 19%|█▊        | 93/500 [1:40:41<7:29:04, 66.20s/it]
 19%|█▉        | 94/500 [1:41:47<7:29:10, 66.38s/it]
 19%|█▉        | 95/500 [1:42:54<7:28:20, 66.42s/it]
 19%|█▉        | 96/500 [1:44:00<7:26:12, 66.27s/it]
 19%|█▉        | 97/500 [1:45:06<7:24:20, 66.16s/it]
 20%|█▉        | 98/500 [1:46:14<7:28:14, 66.90s/it]
 20%|█▉        | 99/500 [1:47:24<7:32:14, 67.67s/it]
 20%|██        | 100/500 [1:48:32<7:31:56, 67.79s/it]
                                                     

 20%|██        | 100/500 [1:48:32<7:31:56, 67.79s/it]
 20%|██        | 101/500 [1:49:37<7:25:34, 67.00s/it]
 20%|██        | 102/500 [1:50:43<7:21:51, 66.61s/it]
 21%|██        | 103/500 [1:51:50<7:21:40, 66.75s/it]
 21%|██        | 104/500 [1:52:55<7:17:16, 66.25s/it]
 21%|██        | 105/500 [1:54:02<7:17:14, 66.42s/it]
 21%|██        | 106/500 [1:55:07<7:14:42, 66.20s/it]
 21%|██▏       | 107/500 [1:56:13<7:12:40, 66.06s/it]
 22%|██▏       | 108/500 [1:57:20<7:13:05, 66.29s/it]
 22%|██▏       | 109/500 [1:58:28<7:15:49, 66.88s/it]
 22%|██▏       | 110/500 [1:59:35<7:13:54, 66.75s/it]
 22%|██▏       | 111/500 [2:00:42<7:14:17, 66.99s/it]
 22%|██▏       | 112/500 [2:01:49<7:12:58, 66.95s/it]
 23%|██▎       | 113/500 [2:02:56<7:11:35, 66.91s/it]
 23%|██▎       | 114/500 [2:04:01<7:07:19, 66.42s/it]
 23%|██▎       | 115/500 [2:05:08<7:07:06, 66.56s/it]
 23%|██▎       | 116/500 [2:06:16<7:08:48, 67.00s/it]
 23%|██▎       | 117/500 [2:07:21<7:03:56, 66.41s/it]
 24%|██▎       | 118/500 [2:08:26<7:00:42, 66.08s/it]
 24%|██▍       | 119/500 [2:09:32<6:58:37, 65.93s/it]
 24%|██▍       | 120/500 [2:10:38<6:57:04, 65.85s/it]
 24%|██▍       | 121/500 [2:11:44<6:57:44, 66.13s/it]
 24%|██▍       | 122/500 [2:12:46<6:48:41, 64.87s/it]
 25%|██▍       | 123/500 [2:13:52<6:48:20, 64.99s/it]
 25%|██▍       | 124/500 [2:14:58<6:50:45, 65.55s/it]
 25%|██▌       | 125/500 [2:16:04<6:48:57, 65.43s/it]
                                                     

 25%|██▌       | 125/500 [2:16:04<6:48:57, 65.43s/it]
 25%|██▌       | 126/500 [2:17:09<6:48:25, 65.52s/it]
 25%|██▌       | 127/500 [2:18:16<6:49:50, 65.93s/it]
 26%|██▌       | 128/500 [2:19:24<6:52:15, 66.49s/it]
 26%|██▌       | 129/500 [2:20:31<6:51:56, 66.62s/it]
 26%|██▌       | 130/500 [2:21:36<6:48:37, 66.26s/it]
 26%|██▌       | 131/500 [2:22:43<6:48:30, 66.42s/it]
 26%|██▋       | 132/500 [2:23:49<6:46:09, 66.22s/it]
 27%|██▋       | 133/500 [2:24:56<6:46:34, 66.47s/it]
 27%|██▋       | 134/500 [2:26:02<6:44:12, 66.26s/it]
 27%|██▋       | 135/500 [2:27:08<6:42:13, 66.12s/it]
 27%|██▋       | 136/500 [2:28:14<6:42:16, 66.31s/it]
 27%|██▋       | 137/500 [2:29:21<6:42:14, 66.49s/it]
 28%|██▊       | 138/500 [2:30:27<6:39:51, 66.28s/it]
 28%|██▊       | 139/500 [2:31:33<6:37:38, 66.09s/it]
 28%|██▊       | 140/500 [2:32:38<6:35:51, 65.98s/it]
 28%|██▊       | 141/500 [2:33:44<6:34:08, 65.87s/it]
 28%|██▊       | 142/500 [2:34:49<6:31:47, 65.66s/it]
 29%|██▊       | 143/500 [2:35:56<6:33:07, 66.07s/it]
 29%|██▉       | 144/500 [2:37:04<6:35:23, 66.64s/it]
 29%|██▉       | 145/500 [2:38:10<6:32:35, 66.35s/it]
 29%|██▉       | 146/500 [2:39:15<6:29:38, 66.04s/it]
 29%|██▉       | 147/500 [2:40:21<6:28:05, 65.96s/it]
 30%|██▉       | 148/500 [2:41:29<6:30:27, 66.55s/it]
 30%|██▉       | 149/500 [2:42:34<6:27:35, 66.25s/it]
 30%|███       | 150/500 [2:43:41<6:27:33, 66.44s/it]
                                                     

 30%|███       | 150/500 [2:43:41<6:27:33, 66.44s/it]
 30%|███       | 151/500 [2:44:47<6:24:23, 66.09s/it]
 30%|███       | 152/500 [2:45:54<6:24:44, 66.33s/it]
 31%|███       | 153/500 [2:46:59<6:21:34, 65.98s/it]
 31%|███       | 154/500 [2:48:04<6:19:59, 65.90s/it]
 31%|███       | 155/500 [2:49:12<6:22:13, 66.47s/it]
 31%|███       | 156/500 [2:50:18<6:20:01, 66.28s/it]
 31%|███▏      | 157/500 [2:51:23<6:17:02, 65.96s/it]
 32%|███▏      | 158/500 [2:52:29<6:15:18, 65.84s/it]
 32%|███▏      | 159/500 [2:53:34<6:13:56, 65.80s/it]
 32%|███▏      | 160/500 [2:54:41<6:14:33, 66.10s/it]
 32%|███▏      | 161/500 [2:55:48<6:14:42, 66.32s/it]
 32%|███▏      | 162/500 [2:56:56<6:16:29, 66.83s/it]
 33%|███▎      | 163/500 [2:58:04<6:17:10, 67.15s/it]
 33%|███▎      | 164/500 [2:59:09<6:12:28, 66.51s/it]
 33%|███▎      | 165/500 [3:00:15<6:10:12, 66.31s/it]
 33%|███▎      | 166/500 [3:01:22<6:09:55, 66.45s/it]
 33%|███▎      | 167/500 [3:02:29<6:09:27, 66.57s/it]
 34%|███▎      | 168/500 [3:03:35<6:08:46, 66.65s/it]
 34%|███▍      | 169/500 [3:04:41<6:05:59, 66.34s/it]
 34%|███▍      | 170/500 [3:05:48<6:05:34, 66.47s/it]
 34%|███▍      | 171/500 [3:06:56<6:07:02, 66.94s/it]
 34%|███▍      | 172/500 [3:08:01<6:02:44, 66.36s/it]
 35%|███▍      | 173/500 [3:09:10<6:05:59, 67.16s/it]
 35%|███▍      | 174/500 [3:10:16<6:02:35, 66.73s/it]
 35%|███▌      | 175/500 [3:11:23<6:03:16, 67.07s/it]
                                                     

 35%|███▌      | 175/500 [3:11:23<6:03:16, 67.07s/it]
 35%|███▌      | 176/500 [3:12:29<5:59:19, 66.54s/it]
 35%|███▌      | 177/500 [3:13:36<5:58:49, 66.66s/it]
 36%|███▌      | 178/500 [3:14:42<5:57:54, 66.69s/it]
 36%|███▌      | 179/500 [3:15:48<5:54:23, 66.24s/it]
 36%|███▌      | 180/500 [3:16:55<5:55:53, 66.73s/it]
 36%|███▌      | 181/500 [3:18:01<5:52:32, 66.31s/it]
 36%|███▋      | 182/500 [3:19:06<5:49:40, 65.98s/it]
 37%|███▋      | 183/500 [3:20:13<5:49:51, 66.22s/it]
 37%|███▋      | 184/500 [3:21:21<5:51:32, 66.75s/it]
 37%|███▋      | 185/500 [3:22:26<5:48:36, 66.40s/it]
 37%|███▋      | 186/500 [3:23:32<5:45:35, 66.04s/it]
 37%|███▋      | 187/500 [3:24:39<5:47:21, 66.59s/it]
 38%|███▊      | 188/500 [3:25:45<5:44:37, 66.27s/it]
 38%|███▊      | 189/500 [3:26:51<5:42:36, 66.10s/it]
 38%|███▊      | 190/500 [3:27:56<5:40:59, 66.00s/it]
 38%|███▊      | 191/500 [3:29:02<5:38:50, 65.79s/it]
 38%|███▊      | 192/500 [3:30:09<5:39:19, 66.10s/it]
 39%|███▊      | 193/500 [3:31:14<5:37:26, 65.95s/it]
 39%|███▉      | 194/500 [3:32:21<5:37:34, 66.19s/it]
 39%|███▉      | 195/500 [3:33:28<5:37:33, 66.41s/it]
 39%|███▉      | 196/500 [3:34:33<5:35:18, 66.18s/it]
 39%|███▉      | 197/500 [3:35:40<5:35:28, 66.43s/it]
 40%|███▉      | 198/500 [3:36:46<5:33:19, 66.22s/it]
 40%|███▉      | 199/500 [3:37:53<5:33:19, 66.44s/it]
 40%|████      | 200/500 [3:39:00<5:33:00, 66.60s/it]
                                                     

 40%|████      | 200/500 [3:39:00<5:33:00, 66.60s/it]{'loss': 1.3428, 'grad_norm': 0.3311673402786255, 'learning_rate': 0.00014399999999999998, 'epoch': 0.02}
{'loss': 1.0911, 'grad_norm': 0.30821695923805237, 'learning_rate': 0.000294, 'epoch': 0.04}
{'loss': 0.9851, 'grad_norm': 0.2907486855983734, 'learning_rate': 0.00028399999999999996, 'epoch': 0.06}
{'loss': 0.9436, 'grad_norm': 0.25026723742485046, 'learning_rate': 0.0002673333333333333, 'epoch': 0.08}
{'loss': 0.9215, 'grad_norm': 0.28521573543548584, 'learning_rate': 0.00025066666666666667, 'epoch': 0.1}
{'loss': 0.8807, 'grad_norm': 0.28311312198638916, 'learning_rate': 0.000234, 'epoch': 0.12}
{'loss': 0.9038, 'grad_norm': 0.2900935411453247, 'learning_rate': 0.00021733333333333332, 'epoch': 0.14}
{'loss': 0.8498, 'grad_norm': 0.2766216993331909, 'learning_rate': 0.00020066666666666665, 'epoch': 0.16}


  0%|          | 0/50 [00:00<?, ?it/s][A

  4%|▍         | 2/50 [00:01<00:44,  1.07it/s][A

  6%|▌         | 3/50 [00:04<01:18,  1.68s/it][A

  8%|▊         | 4/50 [00:07<01:40,  2.18s/it][A

 10%|█         | 5/50 [00:11<02:00,  2.68s/it][A

 12%|█▏        | 6/50 [00:15<02:16,  3.10s/it][A

 14%|█▍        | 7/50 [00:19<02:31,  3.52s/it][A

 16%|█▌        | 8/50 [00:24<02:47,  3.98s/it][A

 18%|█▊        | 9/50 [00:33<03:42,  5.43s/it][A

 20%|██        | 10/50 [00:38<03:37,  5.44s/it][A

 22%|██▏       | 11/50 [00:45<03:48,  5.86s/it][A

 24%|██▍       | 12/50 [00:52<03:59,  6.29s/it][A

 26%|██▌       | 13/50 [01:03<04:47,  7.78s/it][A

 28%|██▊       | 14/50 [01:12<04:46,  7.96s/it][A

 30%|███       | 15/50 [01:25<05:31,  9.48s/it][A

 32%|███▏      | 16/50 [02:42<16:54, 29.82s/it][A

 34%|███▍      | 17/50 [03:55<23:33, 42.85s/it][A

 36%|███▌      | 18/50 [05:09<27:46, 52.07s/it][A

 38%|███▊      | 19/50 [06:26<30:52, 59.74s/it][A

 40%|████      | 20/50 [07:46<32:56, 65.88s/it][A

 42%|████▏     | 21/50 [09:05<33:42, 69.73s/it][A

 44%|████▍     | 22/50 [10:22<33:33, 71.91s/it][A

 46%|████▌     | 23/50 [11:41<33:16, 73.95s/it][A

 48%|████▊     | 24/50 [12:56<32:12, 74.32s/it][A

 50%|█████     | 25/50 [14:17<31:43, 76.16s/it][A

 52%|█████▏    | 26/50 [15:39<31:10, 77.95s/it][A

 54%|█████▍    | 27/50 [16:53<29:29, 76.93s/it][A

 56%|█████▌    | 28/50 [18:20<29:19, 79.96s/it][A

 58%|█████▊    | 29/50 [19:32<27:06, 77.47s/it][A

 60%|██████    | 30/50 [20:51<26:00, 78.01s/it][A

 62%|██████▏   | 31/50 [22:12<24:58, 78.85s/it][A

 64%|██████▍   | 32/50 [23:31<23:37, 78.76s/it][A

 66%|██████▌   | 33/50 [24:57<22:59, 81.14s/it][A

 68%|██████▊   | 34/50 [26:09<20:55, 78.45s/it][A

 70%|███████   | 35/50 [27:24<19:21, 77.43s/it][A

 72%|███████▏  | 36/50 [28:35<17:37, 75.51s/it][A

 74%|███████▍  | 37/50 [29:57<16:45, 77.33s/it][A

 76%|███████▌  | 38/50 [31:10<15:12, 76.07s/it][A

 78%|███████▊  | 39/50 [32:23<13:45, 75.09s/it][A

 80%|████████  | 40/50 [33:35<12:22, 74.30s/it][A

 82%|████████▏ | 41/50 [34:52<11:13, 74.84s/it][A

 84%|████████▍ | 42/50 [36:13<10:15, 76.88s/it][A

 86%|████████▌ | 43/50 [37:30<08:58, 76.91s/it][A

 88%|████████▊ | 44/50 [38:52<07:50, 78.35s/it][A

 90%|█████████ | 45/50 [40:10<06:31, 78.33s/it][A

 92%|█████████▏| 46/50 [41:25<05:08, 77.16s/it][A

 94%|█████████▍| 47/50 [42:46<03:55, 78.54s/it][A

 96%|█████████▌| 48/50 [44:03<02:36, 78.04s/it][A

 98%|█████████▊| 49/50 [45:22<01:18, 78.13s/it][A

100%|██████████| 50/50 [46:41<00:00, 78.59s/it][A
                                                     

                                               
[A
 40%|████      | 200/500 [4:26:00<5:33:00, 66.60s/it]

100%|██████████| 50/50 [46:57<00:00, 78.59s/it][A

                                               [A
 40%|████      | 201/500 [4:41:13<96:53:18, 1166.55s/it]
 40%|████      | 202/500 [4:56:20<90:07:26, 1088.75s/it]
 41%|████      | 203/500 [5:10:55<84:30:57, 1024.44s/it]
 41%|████      | 204/500 [5:25:39<80:45:51, 982.27s/it] 
 41%|████      | 205/500 [5:40:28<78:12:12, 954.35s/it]
 41%|████      | 206/500 [5:55:06<76:04:39, 931.56s/it]
 41%|████▏     | 207/500 [6:10:13<75:13:24, 924.25s/it]
 42%|████▏     | 208/500 [6:25:20<74:32:35, 919.02s/it]
 42%|████▏     | 209/500 [6:39:56<73:13:39, 905.91s/it]
 42%|████▏     | 210/500 [6:54:48<72:38:39, 901.79s/it]
 42%|████▏     | 211/500 [7:09:23<71:44:43, 893.71s/it]
 42%|████▏     | 212/500 [7:24:07<71:16:49, 891.01s/it]
 43%|████▎     | 213/500 [7:39:00<71:04:23, 891.51s/it]
 43%|████▎     | 214/500 [7:53:58<70:59:19, 893.57s/it]
 43%|████▎     | 215/500 [8:08:33<70:17:15, 887.84s/it]
 43%|████▎     | 216/500 [8:23:07<69:43:01, 883.74s/it]
 43%|████▎     | 217/500 [8:38:01<69:42:09, 886.68s/it]
 44%|████▎     | 218/500 [8:53:07<69:54:57, 892.55s/it]
 44%|████▍     | 219/500 [9:08:05<69:48:29, 894.34s/it]
 44%|████▍     | 220/500 [9:23:29<70:15:00, 903.22s/it]
 44%|████▍     | 221/500 [9:38:04<69:20:25, 894.71s/it]